[0m13:28:34.092691 [debug] [MainThread]: Sending event: {'category': 'dbt', 'action': 'invocation', 'label': 'start', 'context': [<snowplow_tracker.self_describing_json.SelfDescribingJson object at 0x000001C894755D30>, <snowplow_tracker.self_describing_json.SelfDescribingJson object at 0x000001C896A37ED0>, <snowplow_tracker.self_describing_json.SelfDescribingJson object at 0x000001C896A37B10>]}


============================== 13:28:34.110164 | d9fe739d-9c98-4dfb-983a-c04746eb8fc6 ==============================
[0m13:28:34.110164 [info ] [MainThread]: Running with dbt=1.11.7
[0m13:28:34.111622 [debug] [MainThread]: running dbt with arguments {'static_parser': 'True', 'no_print': 'None', 'version_check': 'True', 'target_path': 'None', 'warn_error_options': 'WarnErrorOptionsV2(error=[], warn=[], silence=[])', 'printer_width': '80', 'write_json': 'True', 'introspect': 'True', 'log_cache_events': 'False', 'empty': 'None', 'cache_selected_only': 'False', 'log_format': 'default', 'debug': 'False', 'fail_fast': 'False', 'profiles_dir': 'C:\\Users\\Sam\\.dbt', 'send_anonymous_usage_stats': 'True', 'quiet': 'False', 'warn_error': 'None', 'partial_parse': 'True', 'invocation_command': 'dbt init dbt', 'use_colors': 'True', 'indirect_selection': 'eager', 'use_experimental_parser': 'False', 'log_path': 'logs'}
[0m13:28:34.145330 [info ] [MainThread]: Creating dbt configuration folder at C:\Users\Sam\.dbt
[0m13:28:57.213144 [debug] [MainThread]: Starter project path: C:\Users\Sam\Documents\dbanvil-data-pipeline\dbanvil-data-pipeline\venv\Lib\site-packages\dbt\include\starter_project
[0m13:28:57.229758 [info ] [MainThread]: 
Your new dbt project "dbanvil" was created!

For more information on how to configure the profiles.yml file,
please consult the dbt documentation here:

  https://docs.getdbt.com/docs/configure-your-profile

One more thing:

Need help? Don't hesitate to reach out to us via GitHub issues or on Slack:

  https://community.getdbt.com/

Happy modeling!

[0m13:28:57.231184 [info ] [MainThread]: Setting up your profile.
[0m13:29:13.022683 [debug] [MainThread]: Snowflake adapter: Setting snowflake.connector to ERROR (file logging only)
[0m13:29:13.028768 [debug] [MainThread]: Snowflake adapter: Setting botocore to ERROR (file logging only)
[0m13:29:13.029428 [debug] [MainThread]: Snowflake adapter: Setting boto3 to ERROR (file logging only)
[0m13:30:14.844307 [info ] [MainThread]: Profile dbanvil written to C:\Users\Sam\.dbt\profiles.yml using target's profile_template.yml and your supplied values. Run 'dbt debug' to validate the connection.
[0m13:30:14.846550 [debug] [MainThread]: Command `dbt init` succeeded at 13:30:14.846287 after 101.02 seconds
[0m13:30:14.847140 [debug] [MainThread]: Sending event: {'category': 'dbt', 'action': 'invocation', 'label': 'end', 'context': [<snowplow_tracker.self_describing_json.SelfDescribingJson object at 0x000001C8C1E723F0>, <snowplow_tracker.self_describing_json.SelfDescribingJson object at 0x000001C896B42F90>, <snowplow_tracker.self_describing_json.SelfDescribingJson object at 0x000001C8C1E396A0>]}
[0m13:30:14.847748 [debug] [MainThread]: Flushing usage events
[0m13:30:15.511429 [debug] [MainThread]: An error was encountered while trying to flush usage events
[0m13:30:32.639172 [debug] [MainThread]: Sending event: {'category': 'dbt', 'action': 'invocation', 'label': 'start', 'context': [<snowplow_tracker.self_describing_json.SelfDescribingJson object at 0x00000167E5195D30>, <snowplow_tracker.self_describing_json.SelfDescribingJson object at 0x00000167E747BED0>, <snowplow_tracker.self_describing_json.SelfDescribingJson object at 0x00000167E747BB10>]}


============================== 13:30:32.654728 | 16534f6e-b4b8-4bf8-8d9c-1424ddf193a8 ==============================
[0m13:30:32.654728 [info ] [MainThread]: Running with dbt=1.11.7
[0m13:30:32.655875 [debug] [MainThread]: running dbt with arguments {'static_parser': 'True', 'no_print': 'None', 'version_check': 'True', 'warn_error_options': 'WarnErrorOptionsV2(error=[], warn=[], silence=[])', 'target_path': 'None', 'printer_width': '80', 'write_json': 'True', 'introspect': 'True', 'log_cache_events': 'False', 'empty': 'None', 'cache_selected_only': 'False', 'fail_fast': 'False', 'debug': 'False', 'log_format': 'default', 'profiles_dir': 'C:\\Users\\Sam\\.dbt', 'send_anonymous_usage_stats': 'True', 'quiet': 'False', 'warn_error': 'None', 'partial_parse': 'True', 'use_colors': 'True', 'indirect_selection': 'eager', 'invocation_command': 'dbt debug', 'use_experimental_parser': 'False', 'log_path': 'logs'}
[0m13:30:32.689406 [info ] [MainThread]: dbt version: 1.11.7
[0m13:30:32.690470 [info ] [MainThread]: python version: 3.13.4
[0m13:30:32.691331 [info ] [MainThread]: python path: C:\Users\Sam\Documents\dbanvil-data-pipeline\dbanvil-data-pipeline\venv\Scripts\python.exe
[0m13:30:32.692050 [info ] [MainThread]: os info: Windows-10-10.0.19045-SP0
[0m13:30:34.406022 [debug] [MainThread]: Snowflake adapter: Setting snowflake.connector to ERROR (file logging only)
[0m13:30:34.406940 [debug] [MainThread]: Snowflake adapter: Setting botocore to ERROR (file logging only)
[0m13:30:34.407635 [debug] [MainThread]: Snowflake adapter: Setting boto3 to ERROR (file logging only)
[0m13:30:34.589506 [info ] [MainThread]: Using profiles dir at C:\Users\Sam\.dbt
[0m13:30:34.590652 [info ] [MainThread]: Using profiles.yml file at C:\Users\Sam\.dbt\profiles.yml
[0m13:30:34.591605 [info ] [MainThread]: Using dbt_project.yml file at C:\Users\Sam\Documents\dbanvil-data-pipeline\dbanvil-data-pipeline\dbt_project.yml
[0m13:30:34.593384 [info ] [MainThread]: adapter type: snowflake
[0m13:30:34.594178 [info ] [MainThread]: adapter version: 1.11.3
[0m13:30:34.595023 [info ] [MainThread]: Configuration:
[0m13:30:34.595734 [info ] [MainThread]:   profiles.yml file [[32mOK found and valid[0m]
[0m13:30:34.596477 [info ] [MainThread]:   dbt_project.yml file [[31mERROR not found[0m]
[0m13:30:34.597240 [info ] [MainThread]: Required dependencies:
[0m13:30:34.598006 [debug] [MainThread]: Executing "git --help"
[0m13:30:34.659321 [debug] [MainThread]: STDOUT: "b"usage: git [-v | --version] [-h | --help] [-C <path>] [-c <name>=<value>]\n           [--exec-path[=<path>]] [--html-path] [--man-path] [--info-path]\n           [-p | --paginate | -P | --no-pager] [--no-replace-objects] [--no-lazy-fetch]\n           [--no-optional-locks] [--no-advice] [--bare] [--git-dir=<path>]\n           [--work-tree=<path>] [--namespace=<name>] [--config-env=<name>=<envvar>]\n           <command> [<args>]\n\nThese are common Git commands used in various situations:\n\nstart a working area (see also: git help tutorial)\n   clone      Clone a repository into a new directory\n   init       Create an empty Git repository or reinitialize an existing one\n\nwork on the current change (see also: git help everyday)\n   add        Add file contents to the index\n   mv         Move or rename a file, a directory, or a symlink\n   restore    Restore working tree files\n   rm         Remove files from the working tree and from the index\n\nexamine the history and state (see also: git help revisions)\n   bisect     Use binary search to find the commit that introduced a bug\n   diff       Show changes between commits, commit and working tree, etc\n   grep       Print lines matching a pattern\n   log        Show commit logs\n   show       Show various types of objects\n   status     Show the working tree status\n\ngrow, mark and tweak your common history\n   backfill   Download missing objects in a partial clone\n   branch     List, create, or delete branches\n   commit     Record changes to the repository\n   merge      Join two or more development histories together\n   rebase     Reapply commits on top of another base tip\n   reset      Reset current HEAD to the specified state\n   switch     Switch branches\n   tag        Create, list, delete or verify a tag object signed with GPG\n\ncollaborate (see also: git help workflows)\n   fetch      Download objects and refs from another repository\n   pull       Fetch from and integrate with another repository or a local branch\n   push       Update remote refs along with associated objects\n\n'git help -a' and 'git help -g' list available subcommands and some\nconcept guides. See 'git help <command>' or 'git help <concept>'\nto read about a specific subcommand or concept.\nSee 'git help git' for an overview of the system.\n""
[0m13:30:34.660140 [debug] [MainThread]: STDERR: "b''"
[0m13:30:34.660791 [info ] [MainThread]:  - git [[32mOK found[0m]

[0m13:30:34.661761 [info ] [MainThread]: Connection:
[0m13:30:34.662679 [info ] [MainThread]:   account: lljluug-om12075
[0m13:30:34.663452 [info ] [MainThread]:   user: samdemelo
[0m13:30:34.664255 [info ] [MainThread]:   database: DBANVIL
[0m13:30:34.665018 [info ] [MainThread]:   warehouse: DBANVIL_WH
[0m13:30:34.665743 [info ] [MainThread]:   role: ACCOUNTADMIN
[0m13:30:34.666485 [info ] [MainThread]:   schema: CLEAN
[0m13:30:34.667236 [info ] [MainThread]:   authenticator: None
[0m13:30:34.667942 [info ] [MainThread]:   oauth_client_id: None
[0m13:30:34.668663 [info ] [MainThread]:   query_tag: None
[0m13:30:34.669386 [info ] [MainThread]:   client_session_keep_alive: False
[0m13:30:34.670129 [info ] [MainThread]:   host: None
[0m13:30:34.670838 [info ] [MainThread]:   port: None
[0m13:30:34.671600 [info ] [MainThread]:   proxy_host: None
[0m13:30:34.672341 [info ] [MainThread]:   proxy_port: None
[0m13:30:34.673243 [info ] [MainThread]:   protocol: None
[0m13:30:34.674020 [info ] [MainThread]:   connect_retries: 1
[0m13:30:34.674780 [info ] [MainThread]:   connect_timeout: None
[0m13:30:34.675539 [info ] [MainThread]:   retry_on_database_errors: False
[0m13:30:34.676273 [info ] [MainThread]:   retry_all: False
[0m13:30:34.677044 [info ] [MainThread]:   insecure_mode: False
[0m13:30:34.677777 [info ] [MainThread]:   reuse_connections: True
[0m13:30:34.678591 [info ] [MainThread]:   s3_stage_vpce_dns_name: None
[0m13:30:34.679458 [info ] [MainThread]:   platform_detection_timeout_seconds: 0.0
[0m13:30:34.680579 [info ] [MainThread]: Registered adapter: snowflake=1.11.3
[0m13:30:35.668206 [debug] [MainThread]: Acquiring new snowflake connection 'debug'
[0m13:30:36.236895 [debug] [MainThread]: Using snowflake connection "debug"
[0m13:30:36.237544 [debug] [MainThread]: On debug: select 1 as id
[0m13:30:36.238091 [debug] [MainThread]: Opening a new connection, currently in state init
[0m13:30:37.001401 [debug] [MainThread]: SQL status: SUCCESS 1 in 0.763 seconds
[0m13:30:37.002838 [info ] [MainThread]:   Connection test: [[32mOK connection ok[0m]

[0m13:30:37.003714 [info ] [MainThread]: [31m1 check failed:[0m
[0m13:30:37.004441 [info ] [MainThread]: Project loading failed for the following reason:
 project path <C:\Users\Sam\Documents\dbanvil-data-pipeline\dbanvil-data-pipeline\dbt_project.yml> not found

[0m13:30:37.006355 [debug] [MainThread]: Command `dbt debug` failed at 13:30:37.006130 after 4.62 seconds
[0m13:30:37.006951 [debug] [MainThread]: Connection 'debug' was left open.
[0m13:30:37.007493 [debug] [MainThread]: On debug: Close
[0m13:30:37.110362 [debug] [MainThread]: Sending event: {'category': 'dbt', 'action': 'invocation', 'label': 'end', 'context': [<snowplow_tracker.self_describing_json.SelfDescribingJson object at 0x0000016792AD1BA0>, <snowplow_tracker.self_describing_json.SelfDescribingJson object at 0x0000016792AFDEB0>, <snowplow_tracker.self_describing_json.SelfDescribingJson object at 0x00000167929E79B0>]}
[0m13:30:37.111052 [debug] [MainThread]: Flushing usage events
[0m13:30:37.832177 [debug] [MainThread]: An error was encountered while trying to flush usage events
[0m15:14:42.254504 [debug] [MainThread]: Sending event: {'category': 'dbt', 'action': 'invocation', 'label': 'start', 'context': [<snowplow_tracker.self_describing_json.SelfDescribingJson object at 0x0000024B3BEE5D30>, <snowplow_tracker.self_describing_json.SelfDescribingJson object at 0x0000024B3E1C7ED0>, <snowplow_tracker.self_describing_json.SelfDescribingJson object at 0x0000024B3E1C7B10>]}


============================== 15:14:42.300063 | 53cca257-ac8c-42cc-8809-0dac33e1d743 ==============================
[0m15:14:42.300063 [info ] [MainThread]: Running with dbt=1.11.7
[0m15:14:42.301564 [debug] [MainThread]: running dbt with arguments {'version_check': 'True', 'no_print': 'None', 'static_parser': 'True', 'warn_error_options': 'WarnErrorOptionsV2(error=[], warn=[], silence=[])', 'target_path': 'None', 'printer_width': '80', 'write_json': 'True', 'empty': 'False', 'log_cache_events': 'False', 'introspect': 'True', 'cache_selected_only': 'False', 'fail_fast': 'False', 'debug': 'False', 'log_format': 'default', 'profiles_dir': 'C:\\Users\\Sam\\.dbt', 'send_anonymous_usage_stats': 'True', 'quiet': 'False', 'warn_error': 'None', 'partial_parse': 'True', 'invocation_command': 'dbt run --select staging', 'indirect_selection': 'eager', 'use_colors': 'True', 'use_experimental_parser': 'False', 'log_path': 'logs'}
[0m15:14:42.302653 [error] [MainThread]: Encountered an error:
Runtime Error
  No dbt_project.yml found at expected path C:\Users\Sam\Documents\dbanvil-data-pipeline\dbanvil-data-pipeline\dbt_project.yml
  Verify that each entry within packages.yml (and their transitive dependencies) contains a file named dbt_project.yml
  
[0m15:14:42.305492 [debug] [MainThread]: Command `dbt run` failed at 15:14:42.305227 after 0.39 seconds
[0m15:14:42.306220 [debug] [MainThread]: Sending event: {'category': 'dbt', 'action': 'invocation', 'label': 'end', 'context': [<snowplow_tracker.self_describing_json.SelfDescribingJson object at 0x0000024B3E1CA650>, <snowplow_tracker.self_describing_json.SelfDescribingJson object at 0x0000024B3E0F6B10>, <snowplow_tracker.self_describing_json.SelfDescribingJson object at 0x0000024B3E0CBDF0>]}
[0m15:14:42.306978 [debug] [MainThread]: Flushing usage events
[0m15:14:43.120925 [debug] [MainThread]: An error was encountered while trying to flush usage events
